2021-11-02 11:57:42.964  INFO 49684 --- [main] o.s.b.w.embedded.tomcat.TomcatWebServer  : Tomcat initialized with port(s): 4700 (http)
2021-11-02 11:57:42.976  INFO 49684 --- [main] o.apache.catalina.core.StandardService   : Starting service [Tomcat]
2021-11-02 11:57:42.977  INFO 49684 --- [main] org.apache.catalina.core.StandardEngine  : Starting Servlet engine: [Apache Tomcat/9.0.54]
2021-11-02 11:57:43.069  INFO 49684 --- [main] o.a.c.c.C.[Tomcat].[localhost].[/]       : Initializing Spring embedded WebApplicationContext
2021-11-02 11:57:43.070  INFO 49684 --- [main] w.s.c.ServletWebServerApplicationContext : Root WebApplicationContext: initialization completed in 1272 ms
2021-11-02 11:57:43.452  INFO 49684 --- [main] o.s.b.w.embedded.tomcat.TomcatWebServer  : Tomcat started on port(s): 4700 (http) with context path ''
2021-11-02 11:57:43.461  INFO 49684 --- [scheduling-1] com.example.logging.LoggingApplication   : Scheduler is logging to a file to a file on.....................
2021-11-02 11:57:53.462  INFO 49684 --- [scheduling-1] com.example.logging.LoggingApplication   : Scheduler is logging to a file to a file on.....................
2021-11-02 11:58:03.464  INFO 49684 --- [scheduling-1] com.example.logging.LoggingApplication   : Scheduler is logging to a file to a file on.....................
2021-11-02 11:58:13.465  INFO 49684 --- [scheduling-1] com.example.logging.LoggingApplication   : Scheduler is logging to a file to a file on.....................
2021-11-02 11:58:23.466  INFO 49684 --- [scheduling-1] com.example.logging.LoggingApplication   : Scheduler is logging to a file to a file on.....................
2021-11-02 11:58:33.467  INFO 49684 --- [scheduling-1] com.example.logging.LoggingApplication   : Scheduler is logging to a file to a file on.....................
2021-11-02 11:58:43.468  INFO 49684 --- [scheduling-1] com.example.logging.LoggingApplication   : Scheduler is logging to a file to a file on.....................
2021-11-02 11:58:45.043  INFO 50538 --- [scheduling-1] com.example.logging.LoggingApplication   : Scheduler is logging to a file to a file on.....................
2021-11-02 11:58:53.469  INFO 49684 --- [scheduling-1] com.example.logging.LoggingApplication   : Scheduler is logging to a file to a file on.....................
2021-11-02 11:59:03.470  INFO 49684 --- [scheduling-1] com.example.logging.LoggingApplication   : Scheduler is logging to a file to a file on.....................
2021-11-02 11:59:13.472  INFO 49684 --- [scheduling-1] com.example.logging.LoggingApplication   : Scheduler is logging to a file to a file on.....................
2021-11-02 11:59:14.458  INFO 50827 --- [main] o.s.b.w.embedded.tomcat.TomcatWebServer  : Tomcat initialized with port(s): 4700 (http)
2021-11-02 11:59:14.492  INFO 50827 --- [main] o.apache.catalina.core.StandardService   : Starting service [Tomcat]
2021-11-02 11:59:14.496  INFO 50827 --- [main] org.apache.catalina.core.StandardEngine  : Starting Servlet engine: [Apache Tomcat/9.0.54]
2021-11-02 11:59:14.602  INFO 50827 --- [main] o.a.c.c.C.[Tomcat].[localhost].[/]       : Initializing Spring embedded WebApplicationContext
2021-11-02 11:59:14.603  INFO 50827 --- [main] w.s.c.ServletWebServerApplicationContext : Root WebApplicationContext: initialization completed in 1927 ms
2021-11-02 11:59:15.377  WARN 50827 --- [main] ConfigServletWebServerApplicationContext : Exception encountered during context initialization - cancelling refresh attempt: org.springframework.context.ApplicationContextException: Failed to start bean 'webServerStartStop'; nested exception is org.springframework.boot.web.server.PortInUseException: Port 4700 is already in use
2021-11-02 11:59:15.385  INFO 50827 --- [main] o.apache.catalina.core.StandardService   : Stopping service [Tomcat]
2021-11-02 11:59:15.431  INFO 50827 --- [main] ConditionEvaluationReportLoggingListener : 

Error starting ApplicationContext. To display the conditions report re-run your application with 'debug' enabled.
2021-11-02 11:59:15.475 ERROR 50827 --- [main] o.s.b.d.LoggingFailureAnalysisReporter   : 

***************************
APPLICATION FAILED TO START
***************************

Description:

Web server failed to start. Port 4700 was already in use.

Action:

Identify and stop the process that's listening on port 4700 or configure this application to listen on another port.

2021-11-02 11:59:23.472  INFO 49684 --- [scheduling-1] com.example.logging.LoggingApplication   : Scheduler is logging to a file to a file on.....................
2021-11-02 11:59:37.576  INFO 51026 --- [main] o.s.b.w.embedded.tomcat.TomcatWebServer  : Tomcat initialized with port(s): 4700 (http)
2021-11-02 11:59:37.606  INFO 51026 --- [main] o.apache.catalina.core.StandardService   : Starting service [Tomcat]
2021-11-02 11:59:37.607  INFO 51026 --- [main] org.apache.catalina.core.StandardEngine  : Starting Servlet engine: [Apache Tomcat/9.0.54]
2021-11-02 11:59:37.736  INFO 51026 --- [main] o.a.c.c.C.[Tomcat].[localhost].[/]       : Initializing Spring embedded WebApplicationContext
2021-11-02 11:59:37.737  INFO 51026 --- [main] w.s.c.ServletWebServerApplicationContext : Root WebApplicationContext: initialization completed in 2094 ms
2021-11-02 11:59:38.721  INFO 51026 --- [main] o.s.b.w.embedded.tomcat.TomcatWebServer  : Tomcat started on port(s): 4700 (http) with context path ''
2021-11-02 11:59:38.768  INFO 51026 --- [scheduling-1] com.example.logging.LoggingApplication   : Scheduler is logging to a file to a file on.....................
2021-11-02 11:59:48.780  INFO 51026 --- [scheduling-1] com.example.logging.LoggingApplication   : Scheduler is logging to a file to a file on.....................
2021-11-02 11:59:58.781  INFO 51026 --- [scheduling-1] com.example.logging.LoggingApplication   : Scheduler is logging to a file to a file on.....................
2021-11-02 12:00:08.783  INFO 51026 --- [scheduling-1] com.example.logging.LoggingApplication   : Scheduler is logging to a file to a file on.....................
2021-11-02 12:00:18.784  INFO 51026 --- [scheduling-1] com.example.logging.LoggingApplication   : Scheduler is logging to a file to a file on.....................
2021-11-02 12:00:28.785  INFO 51026 --- [scheduling-1] com.example.logging.LoggingApplication   : Scheduler is logging to a file to a file on.....................
2021-11-02 12:00:38.786  INFO 51026 --- [scheduling-1] com.example.logging.LoggingApplication   : Scheduler is logging to a file to a file on.....................
2021-11-02 12:00:48.788  INFO 51026 --- [scheduling-1] com.example.logging.LoggingApplication   : Scheduler is logging to a file to a file on.....................
2021-11-02 12:00:58.789  INFO 51026 --- [scheduling-1] com.example.logging.LoggingApplication   : Scheduler is logging to a file to a file on.....................
2021-11-02 12:01:08.791  INFO 51026 --- [scheduling-1] com.example.logging.LoggingApplication   : Scheduler is logging to a file to a file on.....................
2021-11-02 12:01:18.792  INFO 51026 --- [scheduling-1] com.example.logging.LoggingApplication   : Scheduler is logging to a file to a file on.....................
2021-11-02 12:01:28.794  INFO 51026 --- [scheduling-1] com.example.logging.LoggingApplication   : Scheduler is logging to a file to a file on.....................
2021-11-02 12:01:38.795  INFO 51026 --- [scheduling-1] com.example.logging.LoggingApplication   : Scheduler is logging to a file to a file on.....................
2021-11-02 12:01:48.796  INFO 51026 --- [scheduling-1] com.example.logging.LoggingApplication   : Scheduler is logging to a file to a file on.....................
2021-11-02 12:01:58.796  INFO 51026 --- [scheduling-1] com.example.logging.LoggingApplication   : Scheduler is logging to a file to a file on.....................
2021-11-02 12:02:08.799  INFO 51026 --- [scheduling-1] com.example.logging.LoggingApplication   : Scheduler is logging to a file to a file on.....................
2021-11-02 12:02:18.801  INFO 51026 --- [scheduling-1] com.example.logging.LoggingApplication   : Scheduler is logging to a file to a file on.....................
2021-11-02 12:02:28.802  INFO 51026 --- [scheduling-1] com.example.logging.LoggingApplication   : Scheduler is logging to a file to a file on.....................
2021-11-02 12:02:38.803  INFO 51026 --- [scheduling-1] com.example.logging.LoggingApplication   : Scheduler is logging to a file to a file on.....................
2021-11-02 12:02:48.805  INFO 51026 --- [scheduling-1] com.example.logging.LoggingApplication   : Scheduler is logging to a file to a file on.....................
2021-11-02 12:02:58.806  INFO 51026 --- [scheduling-1] com.example.logging.LoggingApplication   : Scheduler is logging to a file to a file on.....................
2021-11-02 12:03:08.807  INFO 51026 --- [scheduling-1] com.example.logging.LoggingApplication   : Scheduler is logging to a file to a file on.....................
2021-11-02 12:03:18.808  INFO 51026 --- [scheduling-1] com.example.logging.LoggingApplication   : Scheduler is logging to a file to a file on.....................
2021-11-02 12:03:28.810  INFO 51026 --- [scheduling-1] com.example.logging.LoggingApplication   : Scheduler is logging to a file to a file on.....................
2021-11-02 12:03:38.811  INFO 51026 --- [scheduling-1] com.example.logging.LoggingApplication   : Scheduler is logging to a file to a file on.....................
2021-11-02 12:03:48.812  INFO 51026 --- [scheduling-1] com.example.logging.LoggingApplication   : Scheduler is logging to a file to a file on.....................
2021-11-02 12:03:58.813  INFO 51026 --- [scheduling-1] com.example.logging.LoggingApplication   : Scheduler is logging to a file to a file on.....................
2021-11-02 12:04:08.814  INFO 51026 --- [scheduling-1] com.example.logging.LoggingApplication   : Scheduler is logging to a file to a file on.....................
2021-11-02 12:04:18.816  INFO 51026 --- [scheduling-1] com.example.logging.LoggingApplication   : Scheduler is logging to a file to a file on.....................
2021-11-02 12:04:28.816  INFO 51026 --- [scheduling-1] com.example.logging.LoggingApplication   : Scheduler is logging to a file to a file on.....................
2021-11-02 12:04:38.817  INFO 51026 --- [scheduling-1] com.example.logging.LoggingApplication   : Scheduler is logging to a file to a file on.....................
2021-11-02 12:04:48.818  INFO 51026 --- [scheduling-1] com.example.logging.LoggingApplication   : Scheduler is logging to a file to a file on.....................
2021-11-02 12:04:58.820  INFO 51026 --- [scheduling-1] com.example.logging.LoggingApplication   : Scheduler is logging to a file to a file on.....................
2021-11-02 12:05:08.821  INFO 51026 --- [scheduling-1] com.example.logging.LoggingApplication   : Scheduler is logging to a file to a file on.....................
2021-11-02 12:05:18.822  INFO 51026 --- [scheduling-1] com.example.logging.LoggingApplication   : Scheduler is logging to a file to a file on.....................
2021-11-02 12:05:28.823  INFO 51026 --- [scheduling-1] com.example.logging.LoggingApplication   : Scheduler is logging to a file to a file on.....................
2021-11-02 12:05:38.823  INFO 51026 --- [scheduling-1] com.example.logging.LoggingApplication   : Scheduler is logging to a file to a file on.....................
2021-11-02 12:05:48.824  INFO 51026 --- [scheduling-1] com.example.logging.LoggingApplication   : Scheduler is logging to a file to a file on.....................
2021-11-02 12:05:58.825  INFO 51026 --- [scheduling-1] com.example.logging.LoggingApplication   : Scheduler is logging to a file to a file on.....................
2021-11-02 12:06:08.826  INFO 51026 --- [scheduling-1] com.example.logging.LoggingApplication   : Scheduler is logging to a file to a file on.....................
2021-11-02 12:06:18.829  INFO 51026 --- [scheduling-1] com.example.logging.LoggingApplication   : Scheduler is logging to a file to a file on.....................
2021-11-02 12:06:28.829  INFO 51026 --- [scheduling-1] com.example.logging.LoggingApplication   : Scheduler is logging to a file to a file on.....................
2021-11-02 12:06:38.830  INFO 51026 --- [scheduling-1] com.example.logging.LoggingApplication   : Scheduler is logging to a file to a file on.....................
2021-11-02 12:06:48.833  INFO 51026 --- [scheduling-1] com.example.logging.LoggingApplication   : Scheduler is logging to a file to a file on.....................
2021-11-02 12:06:58.834  INFO 51026 --- [scheduling-1] com.example.logging.LoggingApplication   : Scheduler is logging to a file to a file on.....................
2021-11-02 12:07:08.834  INFO 51026 --- [scheduling-1] com.example.logging.LoggingApplication   : Scheduler is logging to a file to a file on.....................
2021-11-02 12:07:18.835  INFO 51026 --- [scheduling-1] com.example.logging.LoggingApplication   : Scheduler is logging to a file to a file on.....................
2021-11-02 12:07:28.836  INFO 51026 --- [scheduling-1] com.example.logging.LoggingApplication   : Scheduler is logging to a file to a file on.....................
2021-11-02 12:07:38.837  INFO 51026 --- [scheduling-1] com.example.logging.LoggingApplication   : Scheduler is logging to a file to a file on.....................
2021-11-02 12:07:48.838  INFO 51026 --- [scheduling-1] com.example.logging.LoggingApplication   : Scheduler is logging to a file to a file on.....................
2021-11-02 12:07:58.839  INFO 51026 --- [scheduling-1] com.example.logging.LoggingApplication   : Scheduler is logging to a file to a file on.....................
2021-11-02 12:08:08.840  INFO 51026 --- [scheduling-1] com.example.logging.LoggingApplication   : Scheduler is logging to a file to a file on.....................
2021-11-02 12:08:18.841  INFO 51026 --- [scheduling-1] com.example.logging.LoggingApplication   : Scheduler is logging to a file to a file on.....................
2021-11-02 12:08:28.842  INFO 51026 --- [scheduling-1] com.example.logging.LoggingApplication   : Scheduler is logging to a file to a file on.....................
2021-11-02 12:08:38.844  INFO 51026 --- [scheduling-1] com.example.logging.LoggingApplication   : Scheduler is logging to a file to a file on.....................
2021-11-02 12:08:48.845  INFO 51026 --- [scheduling-1] com.example.logging.LoggingApplication   : Scheduler is logging to a file to a file on.....................
2021-11-02 12:08:58.845  INFO 51026 --- [scheduling-1] com.example.logging.LoggingApplication   : Scheduler is logging to a file to a file on.....................
2021-11-02 12:09:08.846  INFO 51026 --- [scheduling-1] com.example.logging.LoggingApplication   : Scheduler is logging to a file to a file on.....................
2021-11-02 12:09:18.848  INFO 51026 --- [scheduling-1] com.example.logging.LoggingApplication   : Scheduler is logging to a file to a file on.....................
2021-11-02 12:09:28.849  INFO 51026 --- [scheduling-1] com.example.logging.LoggingApplication   : Scheduler is logging to a file to a file on.....................
2021-11-02 12:09:38.850  INFO 51026 --- [scheduling-1] com.example.logging.LoggingApplication   : Scheduler is logging to a file to a file on.....................
2021-11-02 12:09:48.851  INFO 51026 --- [scheduling-1] com.example.logging.LoggingApplication   : Scheduler is logging to a file to a file on.....................
2021-11-02 12:09:58.852  INFO 51026 --- [scheduling-1] com.example.logging.LoggingApplication   : Scheduler is logging to a file to a file on.....................
2021-11-02 12:10:08.853  INFO 51026 --- [scheduling-1] com.example.logging.LoggingApplication   : Scheduler is logging to a file to a file on.....................
2021-11-02 12:10:18.854  INFO 51026 --- [scheduling-1] com.example.logging.LoggingApplication   : Scheduler is logging to a file to a file on.....................
2021-11-02 12:10:28.855  INFO 51026 --- [scheduling-1] com.example.logging.LoggingApplication   : Scheduler is logging to a file to a file on.....................
2021-11-02 12:10:38.856  INFO 51026 --- [scheduling-1] com.example.logging.LoggingApplication   : Scheduler is logging to a file to a file on.....................
2021-11-02 12:10:48.856  INFO 51026 --- [scheduling-1] com.example.logging.LoggingApplication   : Scheduler is logging to a file to a file on.....................
2021-11-02 12:10:58.857  INFO 51026 --- [scheduling-1] com.example.logging.LoggingApplication   : Scheduler is logging to a file to a file on.....................
2021-11-02 12:11:08.858  INFO 51026 --- [scheduling-1] com.example.logging.LoggingApplication   : Scheduler is logging to a file to a file on.....................
2021-11-02 12:11:18.860  INFO 51026 --- [scheduling-1] com.example.logging.LoggingApplication   : Scheduler is logging to a file to a file on.....................
2021-11-02 12:11:28.861  INFO 51026 --- [scheduling-1] com.example.logging.LoggingApplication   : Scheduler is logging to a file to a file on.....................
2021-11-02 12:11:38.862  INFO 51026 --- [scheduling-1] com.example.logging.LoggingApplication   : Scheduler is logging to a file to a file on.....................
2021-11-02 12:11:48.863  INFO 51026 --- [scheduling-1] com.example.logging.LoggingApplication   : Scheduler is logging to a file to a file on.....................
2021-11-02 12:11:58.864  INFO 51026 --- [scheduling-1] com.example.logging.LoggingApplication   : Scheduler is logging to a file to a file on.....................
2021-11-02 12:12:08.866  INFO 51026 --- [scheduling-1] com.example.logging.LoggingApplication   : Scheduler is logging to a file to a file on.....................
2021-11-02 12:12:18.867  INFO 51026 --- [scheduling-1] com.example.logging.LoggingApplication   : Scheduler is logging to a file to a file on.....................
2021-11-02 12:12:28.868  INFO 51026 --- [scheduling-1] com.example.logging.LoggingApplication   : Scheduler is logging to a file to a file on.....................
2021-11-02 12:12:38.869  INFO 51026 --- [scheduling-1] com.example.logging.LoggingApplication   : Scheduler is logging to a file to a file on.....................
2021-11-02 12:12:48.870  INFO 51026 --- [scheduling-1] com.example.logging.LoggingApplication   : Scheduler is logging to a file to a file on.....................
2021-11-02 12:12:58.871  INFO 51026 --- [scheduling-1] com.example.logging.LoggingApplication   : Scheduler is logging to a file to a file on.....................
2021-11-02 12:13:08.872  INFO 51026 --- [scheduling-1] com.example.logging.LoggingApplication   : Scheduler is logging to a file to a file on.....................
2021-11-02 12:13:18.873  INFO 51026 --- [scheduling-1] com.example.logging.LoggingApplication   : Scheduler is logging to a file to a file on.....................
2021-11-02 12:13:28.874  INFO 51026 --- [scheduling-1] com.example.logging.LoggingApplication   : Scheduler is logging to a file to a file on.....................
2021-11-02 12:13:38.875  INFO 51026 --- [scheduling-1] com.example.logging.LoggingApplication   : Scheduler is logging to a file to a file on.....................
